# termtype.lst - 検索語タイプリスト
# 
# Copyright (c) 2023 Ricoh Company, Ltd.
# 
# Licensed under the Apache License, Version 2.0 (the "License");
# you may not use this file except in compliance with the License.
# You may obtain a copy of the License at
# 
#     http://www.apache.org/licenses/LICENSE-2.0
# 
# Unless required by applicable law or agreed to in writing, software
# distributed under the License is distributed on an "AS IS" BASIS,
# WITHOUT WARRANTIES OR CONDITIONS OF ANY KIND, either express or implied.
# See the License for the specific language governing permissions and
# limitations under the License.
# 

#検索語タイプ名		検索語タイプ値
TERM_STOP		0	# 禁止語
TERM_ALPHABET		1	# ユーザ定義1
TERM_SYMBOL		2	# 記号.一般|未登録語.記号
TERM_NUMBER		3	# 数詞
TERM_PREFIX		4	# 接頭
TERM_SUFFIX		5	# 接尾|助数詞
TERM_NOUN		6	# 名詞.一般
TERM_NOUN_V		7	# 名詞.サ変|未登録語.名詞,サ変
TERM_NOUN_A		8	# 名詞.形動
TERM_NOUN_D		9	# 名詞.副詞
TERM_ADJ_V		10	# 形容動詞
TERM_VERB_N		11	# 動詞.連用
TERM_PROPER		12	# 名詞.固有|未登録語.名詞,固有
TERM_UNKNOWN		13	# ？|未登録語.一般
TERM_DELIM		14	# 記号.中点
TERM_NOUN_S		16	# 名詞.接尾
#TERM_NOUN_P		?	# 値不明
